Using pre-set license
Built from '2020.3/staging' branch; Version is '2020.3.24f1 (79c78de19888) revision 7980941'; Using compiler version '192528614'; Build Type 'Release'
OS: 'Windows 10  (10.0.19044) 64bit Core' Language: 'he' Physical Memory: 16294 MB
BatchMode: 1, IsHumanControllingUs: 0, StartBugReporterOnCrash: 0, Is64bit: 1, IsPro: 0

COMMAND LINE ARGUMENTS:
C:\Program Files\Unity\Hub\Editor\2020.3.24f1\Editor\Unity.exe
-adb2
-batchMode
-noUpm
-name
AssetImportWorker0
-projectPath
C:/Users/USER/OneDrive/שולחן העבודה/עבודות יוניטי/Runner0405
-logFile
Logs/AssetImportWorker0.log
-srvPort
53124
Successfully changed project path to: C:/Users/USER/OneDrive/שולחן העבודה/עבודות יוניטי/Runner0405
C:/Users/USER/OneDrive/שולחן העבודה/עבודות יוניטי/Runner0405
Using Asset Import Pipeline V2.
Refreshing native plugins compatible for Editor in 50.28 ms, found 2 plugins.
Preloading 0 native plugins for Editor in 0.00 ms.
Initialize engine version: 2020.3.24f1 (79c78de19888)
[Subsystems] Discovering subsystems at path C:/Program Files/Unity/Hub/Editor/2020.3.24f1/Editor/Data/Resources/UnitySubsystems
[Subsystems] Discovering subsystems at path C:/Users/USER/OneDrive/שולחן העבודה/עבודות יוניטי/Runner0405/Assets
GfxDevice: creating device client; threaded=0
Direct3D:
    Version:  Direct3D 11.0 [level 11.1]
    Renderer: NVIDIA GeForce RTX 2060 (ID=0x1f08)
    Vendor:   
    VRAM:     5980 MB
    Driver:   31.0.15.1659
Initialize mono
Mono path[0] = 'C:/Program Files/Unity/Hub/Editor/2020.3.24f1/Editor/Data/Managed'
Mono path[1] = 'C:/Program Files/Unity/Hub/Editor/2020.3.24f1/Editor/Data/MonoBleedingEdge/lib/mono/unityjit'
Mono config path = 'C:/Program Files/Unity/Hub/Editor/2020.3.24f1/Editor/Data/MonoBleedingEdge/etc'
Using monoOptions --debugger-agent=transport=dt_socket,embedding=1,server=y,suspend=n,address=127.0.0.1:56072
Begin MonoManager ReloadAssembly
Registering precompiled unity dll's ...
Register platform support module: C:/Program Files/Unity/Hub/Editor/2020.3.24f1/Editor/Data/PlaybackEngines/WebGLSupport/UnityEditor.WebGL.Extensions.dll
Register platform support module: C:/Program Files/Unity/Hub/Editor/2020.3.24f1/Editor/Data/PlaybackEngines/WindowsStandaloneSupport/UnityEditor.WindowsStandalone.Extensions.dll
Registered in 0.002621 seconds.
Native extension for WindowsStandalone target not found
Native extension for WebGL target not found
Refreshing native plugins compatible for Editor in 49.29 ms, found 2 plugins.
Preloading 0 native plugins for Editor in 0.00 ms.
Mono: successfully reloaded assembly
- Completed reload, in  0.506 seconds
Domain Reload Profiling:
	ReloadAssembly (506ms)
		BeginReloadAssembly (49ms)
			ExecutionOrderSort (0ms)
			DisableScriptedObjects (0ms)
			BackupInstance (0ms)
			ReleaseScriptingObjects (0ms)
			CreateAndSetChildDomain (1ms)
		EndReloadAssembly (394ms)
			LoadAssemblies (47ms)
			RebuildTransferFunctionScriptingTraits (0ms)
			SetupTypeCache (123ms)
			ReleaseScriptCaches (0ms)
			RebuildScriptCaches (26ms)
			SetupLoadedEditorAssemblies (157ms)
				LogAssemblyErrors (0ms)
				InitializePlatformSupportModulesInManaged (4ms)
				SetLoadedEditorAssemblies (0ms)
				RefreshPlugins (49ms)
				BeforeProcessingInitializeOnLoad (14ms)
				ProcessInitializeOnLoadAttributes (66ms)
				ProcessInitializeOnLoadMethodAttributes (23ms)
				AfterProcessingInitializeOnLoad (0ms)
				EditorAssembliesLoaded (0ms)
			ExecutionOrderSort2 (0ms)
			AwakeInstancesAfterBackupRestoration (0ms)
Platform modules already initialized, skipping
Registering precompiled user dll's ...
Registered in 0.003581 seconds.
Begin MonoManager ReloadAssembly
Native extension for WindowsStandalone target not found
Native extension for WebGL target not found
Refreshing native plugins compatible for Editor in 50.23 ms, found 2 plugins.
Preloading 0 native plugins for Editor in 0.00 ms.
Mono: successfully reloaded assembly
- Completed reload, in  0.975 seconds
Domain Reload Profiling:
	ReloadAssembly (976ms)
		BeginReloadAssembly (122ms)
			ExecutionOrderSort (0ms)
			DisableScriptedObjects (4ms)
			BackupInstance (0ms)
			ReleaseScriptingObjects (0ms)
			CreateAndSetChildDomain (15ms)
		EndReloadAssembly (801ms)
			LoadAssemblies (83ms)
			RebuildTransferFunctionScriptingTraits (0ms)
			SetupTypeCache (258ms)
			ReleaseScriptCaches (1ms)
			RebuildScriptCaches (43ms)
			SetupLoadedEditorAssemblies (316ms)
				LogAssemblyErrors (0ms)
				InitializePlatformSupportModulesInManaged (4ms)
				SetLoadedEditorAssemblies (0ms)
				RefreshPlugins (50ms)
				BeforeProcessingInitializeOnLoad (84ms)
				ProcessInitializeOnLoadAttributes (163ms)
				ProcessInitializeOnLoadMethodAttributes (8ms)
				AfterProcessingInitializeOnLoad (7ms)
				EditorAssembliesLoaded (0ms)
			ExecutionOrderSort2 (0ms)
			AwakeInstancesAfterBackupRestoration (6ms)
Platform modules already initialized, skipping
========================================================================
Worker process is ready to serve import requests
Launched and connected shader compiler UnityShaderCompiler.exe after 0.03 seconds
Refreshing native plugins compatible for Editor in 0.52 ms, found 2 plugins.
Preloading 0 native plugins for Editor in 0.00 ms.
Unloading 3127 Unused Serialized files (Serialized files now loaded: 0)
System memory in use before: 137.8 MB.
System memory in use after: 137.9 MB.

Unloading 18 unused Assets to reduce memory usage. Loaded Objects now: 3566.
Total: 2.815500 ms (FindLiveObjects: 0.239000 ms CreateObjectMapping: 0.115000 ms MarkObjects: 2.391300 ms  DeleteObjects: 0.069100 ms)

AssetImportParameters requested are different than current active one (requested -> active):
  custom:framework-win-MediaFoundation: 216162199b28c13a410421893ffa2e32 -> 
  custom:video-decoder-ogg-theora: a1e56fd34408186e4bbccfd4996cb3dc -> 
  custom:container-muxer-webm: aa71ff27fc2769a1b78a27578f13a17b -> 
  custom:container-demuxer-webm: 4f35f7cbe854078d1ac9338744f61a02 -> 
  custom:container-demuxer-ogg: 62fdf1f143b41e24485cea50d1cbac27 -> 
  custom:video-encoder-webm-vp8: eb34c28f22e8b96e1ab97ce403110664 -> 
  custom:video-decoder-webm-vp8: 9c59270c3fd7afecdb556c50c9e8de78 -> 
  custom:audio-decoder-ogg-vorbis: bf7c407c2cedff20999df2af8eb42d56 -> 
  custom:audio-encoder-webm-vorbis: bf7c407c2cedff20999df2af8eb42d56 -> 
========================================================================
Received Import Request.
  path: Assets/Models/GLTF format
  artifactKey: Guid(ad894c38cbccbba4aa78eef60af7d94d) Importer(815301076,1909f56bfc062723c751e8b465ee728b)
Start importing Assets/Models/GLTF format using Guid(ad894c38cbccbba4aa78eef60af7d94d) Importer(815301076,1909f56bfc062723c751e8b465ee728b)  -> (artifact id: '5331395baaf448500050bd47ff01e1d0') in 0.005281 seconds 
  Import took 0.009615 seconds .

========================================================================
Received Import Request.
  Time since last request: 6.645291 seconds.
  path: Assets/Models/DAE format
  artifactKey: Guid(64acc85b18066dd4492e46a5a0093d08) Importer(815301076,1909f56bfc062723c751e8b465ee728b)
Start importing Assets/Models/DAE format using Guid(64acc85b18066dd4492e46a5a0093d08) Importer(815301076,1909f56bfc062723c751e8b465ee728b)  -> (artifact id: 'f3dbca91412374e94332fde668b8bfad') in 0.001915 seconds 
  Import took 0.006238 seconds .

========================================================================
Received Import Request.
  Time since last request: 0.230804 seconds.
  path: Assets/Models/DAE format/ambulance.dae
  artifactKey: Guid(bfa2c650eccf3df46bf6c1939eb3916f) Importer(815301076,1909f56bfc062723c751e8b465ee728b)
Start importing Assets/Models/DAE format/ambulance.dae using Guid(bfa2c650eccf3df46bf6c1939eb3916f) Importer(815301076,1909f56bfc062723c751e8b465ee728b)  -> (artifact id: 'ca65eea3f44093746bc111c30fffd044') in 0.192483 seconds 
  Import took 0.197191 seconds .

========================================================================
Received Import Request.
  Time since last request: 0.001103 seconds.
  path: Assets/Models/DAE format/garbageTruck.dae
  artifactKey: Guid(e8e7891056621d045be5cf8ebad3ee3d) Importer(815301076,1909f56bfc062723c751e8b465ee728b)
Start importing Assets/Models/DAE format/garbageTruck.dae using Guid(e8e7891056621d045be5cf8ebad3ee3d) Importer(815301076,1909f56bfc062723c751e8b465ee728b)  -> (artifact id: 'b8de25489e506665a6f4481f19cc1597') in 0.087884 seconds 
  Import took 0.092448 seconds .

========================================================================
Received Import Request.
  Time since last request: 0.001114 seconds.
  path: Assets/Models/DAE format/wheelDefault.dae
  artifactKey: Guid(577274b84843b4940aec3f567c6aa6aa) Importer(815301076,1909f56bfc062723c751e8b465ee728b)
Start importing Assets/Models/DAE format/wheelDefault.dae using Guid(577274b84843b4940aec3f567c6aa6aa) Importer(815301076,1909f56bfc062723c751e8b465ee728b)  -> (artifact id: '139ad17cf1279e94c9b5582ff74b2203') in 0.020749 seconds 
  Import took 0.024991 seconds .

========================================================================
Received Import Request.
  Time since last request: 0.000865 seconds.
  path: Assets/Models/DAE format/tractorShovel.dae
  artifactKey: Guid(e9e27d064af01b14787335976bce4e11) Importer(815301076,1909f56bfc062723c751e8b465ee728b)
Start importing Assets/Models/DAE format/tractorShovel.dae using Guid(e9e27d064af01b14787335976bce4e11) Importer(815301076,1909f56bfc062723c751e8b465ee728b)  -> (artifact id: '621f7481349431d64a35395bad5fd66f') in 0.065821 seconds 
  Import took 0.070476 seconds .

========================================================================
Received Import Request.
  Time since last request: 0.000926 seconds.
  path: Assets/Models/DAE format/raceFuture.dae
  artifactKey: Guid(25a81cd278f7a6149913787cffd5a224) Importer(815301076,1909f56bfc062723c751e8b465ee728b)
Start importing Assets/Models/DAE format/raceFuture.dae using Guid(25a81cd278f7a6149913787cffd5a224) Importer(815301076,1909f56bfc062723c751e8b465ee728b)  -> (artifact id: '40042d13492ab7d59aeab7004a203738') in 0.046296 seconds 
  Import took 0.050528 seconds .

========================================================================
Received Import Request.
  Time since last request: 0.000914 seconds.
  path: Assets/Models/DAE format/van.dae
  artifactKey: Guid(3d6e052b9276a6041bbb6b5fbb9d6df3) Importer(815301076,1909f56bfc062723c751e8b465ee728b)
Start importing Assets/Models/DAE format/van.dae using Guid(3d6e052b9276a6041bbb6b5fbb9d6df3) Importer(815301076,1909f56bfc062723c751e8b465ee728b)  -> (artifact id: 'a684f5a230aafc61e25ae3c09ed3ee9b') in 0.055577 seconds 
  Import took 0.060325 seconds .

========================================================================
Received Import Request.
  Time since last request: 0.000828 seconds.
  path: Assets/Models/DAE format/sedanSports.dae
  artifactKey: Guid(3a921688afef122448fe55007c9b59ab) Importer(815301076,1909f56bfc062723c751e8b465ee728b)
Start importing Assets/Models/DAE format/sedanSports.dae using Guid(3a921688afef122448fe55007c9b59ab) Importer(815301076,1909f56bfc062723c751e8b465ee728b)  -> (artifact id: '42bb971262407b703acfe93bfff0ad09') in 0.064319 seconds 
  Import took 0.068408 seconds .

========================================================================
Received Import Request.
  Time since last request: 0.000875 seconds.
  path: Assets/Models/DAE format/truck.dae
  artifactKey: Guid(89e8e277b203bcb49b892f9c04012464) Importer(815301076,1909f56bfc062723c751e8b465ee728b)
Start importing Assets/Models/DAE format/truck.dae using Guid(89e8e277b203bcb49b892f9c04012464) Importer(815301076,1909f56bfc062723c751e8b465ee728b)  -> (artifact id: 'bc8ca75e06dc640dc82e4eb5d895ee48') in 0.056281 seconds 
  Import took 0.060700 seconds .

========================================================================
Received Import Request.
  Time since last request: 0.000912 seconds.
  path: Assets/Models/DAE format/suvLuxury.dae
  artifactKey: Guid(c06840d6a0309ea4bb7d360cd773a55f) Importer(815301076,1909f56bfc062723c751e8b465ee728b)
Start importing Assets/Models/DAE format/suvLuxury.dae using Guid(c06840d6a0309ea4bb7d360cd773a55f) Importer(815301076,1909f56bfc062723c751e8b465ee728b)  -> (artifact id: '75a773dcc02841f69e78b257eda8b520') in 0.056247 seconds 
  Import took 0.060218 seconds .

========================================================================
Received Import Request.
  Time since last request: 0.000877 seconds.
  path: Assets/Models/DAE format/wheelTractorDarkBack.dae
  artifactKey: Guid(76f2dba9bc3155b4ca6408b579004110) Importer(815301076,1909f56bfc062723c751e8b465ee728b)
Start importing Assets/Models/DAE format/wheelTractorDarkBack.dae using Guid(76f2dba9bc3155b4ca6408b579004110) Importer(815301076,1909f56bfc062723c751e8b465ee728b)  -> (artifact id: '3d1e9d5d135932a6b21c7066f87f830a') in 0.023129 seconds 
  Import took 0.027532 seconds .

========================================================================
Received Import Request.
  Time since last request: 0.000875 seconds.
  path: Assets/Models/DAE format/wheelTractorDarkFront.dae
  artifactKey: Guid(7f7531079b6012e4cb88a3fd661436a1) Importer(815301076,1909f56bfc062723c751e8b465ee728b)
Start importing Assets/Models/DAE format/wheelTractorDarkFront.dae using Guid(7f7531079b6012e4cb88a3fd661436a1) Importer(815301076,1909f56bfc062723c751e8b465ee728b)  -> (artifact id: '1d4b84b53a9e9931f248be6b9ddf335e') in 0.020908 seconds 
  Import took 0.025077 seconds .

========================================================================
Received Import Request.
  Time since last request: 0.000809 seconds.
  path: Assets/Models/DAE format/tractorPolice.dae
  artifactKey: Guid(5d7e489623ba0684fa0bb965a9d7805b) Importer(815301076,1909f56bfc062723c751e8b465ee728b)
Start importing Assets/Models/DAE format/tractorPolice.dae using Guid(5d7e489623ba0684fa0bb965a9d7805b) Importer(815301076,1909f56bfc062723c751e8b465ee728b)  -> (artifact id: '27abc895979708a505ab221b4db3082c') in 0.074113 seconds 
  Import took 0.078357 seconds .

========================================================================
Received Import Request.
  Time since last request: 0.000908 seconds.
  path: Assets/Models/DAE format/wheelRacing.dae
  artifactKey: Guid(db1f1c2869f2223439936610cff25c2c) Importer(815301076,1909f56bfc062723c751e8b465ee728b)
Start importing Assets/Models/DAE format/wheelRacing.dae using Guid(db1f1c2869f2223439936610cff25c2c) Importer(815301076,1909f56bfc062723c751e8b465ee728b)  -> (artifact id: '2532f3f52089453a59b62ab0e81f498c') in 0.024005 seconds 
  Import took 0.028442 seconds .

========================================================================
Received Import Request.
  Time since last request: 0.000842 seconds.
  path: Assets/Models/DAE format/truckFlat.dae
  artifactKey: Guid(2991c09c6b1ca17499a2233a5625523a) Importer(815301076,1909f56bfc062723c751e8b465ee728b)
Start importing Assets/Models/DAE format/truckFlat.dae using Guid(2991c09c6b1ca17499a2233a5625523a) Importer(815301076,1909f56bfc062723c751e8b465ee728b)  -> (artifact id: 'bbf2906e182425d86e2621d1ff75d02b') in 0.056543 seconds 
  Import took 0.060643 seconds .

========================================================================
Received Import Request.
  Time since last request: 0.000934 seconds.
  path: Assets/Models/DAE format/sedan.dae
  artifactKey: Guid(57cc22339cef715459b2ad859ed4aa01) Importer(815301076,1909f56bfc062723c751e8b465ee728b)
Start importing Assets/Models/DAE format/sedan.dae using Guid(57cc22339cef715459b2ad859ed4aa01) Importer(815301076,1909f56bfc062723c751e8b465ee728b)  -> (artifact id: 'b8071607c7e98ced37a39fc054ea295e') in 0.061313 seconds 
  Import took 0.066147 seconds .

========================================================================
Received Import Request.
  Time since last request: 0.000847 seconds.
  path: Assets/Models/DAE format/deliveryFlat.dae
  artifactKey: Guid(6e7ef798471573b4a84728b0e2a7ec5a) Importer(815301076,1909f56bfc062723c751e8b465ee728b)
Start importing Assets/Models/DAE format/deliveryFlat.dae using Guid(6e7ef798471573b4a84728b0e2a7ec5a) Importer(815301076,1909f56bfc062723c751e8b465ee728b)  -> (artifact id: 'c0e65c811c59166b4f0c1dfc64c4f887') in 0.052820 seconds 
  Import took 0.057741 seconds .

========================================================================
Received Import Request.
  Time since last request: 0.000855 seconds.
  path: Assets/Models/DAE format/wheelTractorBack.dae
  artifactKey: Guid(c9bdf710288aa3e448bd07777aaf1897) Importer(815301076,1909f56bfc062723c751e8b465ee728b)
Start importing Assets/Models/DAE format/wheelTractorBack.dae using Guid(c9bdf710288aa3e448bd07777aaf1897) Importer(815301076,1909f56bfc062723c751e8b465ee728b)  -> (artifact id: '964d14cd801ee9e80619bff376eea02b') in 0.023238 seconds 
  Import took 0.028153 seconds .

========================================================================
Received Import Request.
  Time since last request: 0.000814 seconds.
  path: Assets/Models/DAE format/suv.dae
  artifactKey: Guid(35c38ed07eedaba4caa6b4e4b5463b3e) Importer(815301076,1909f56bfc062723c751e8b465ee728b)
Start importing Assets/Models/DAE format/suv.dae using Guid(35c38ed07eedaba4caa6b4e4b5463b3e) Importer(815301076,1909f56bfc062723c751e8b465ee728b)  -> (artifact id: '9af988e733394a14c57a86bdc8b25049') in 0.061662 seconds 
  Import took 0.066744 seconds .

========================================================================
Received Import Request.
  Time since last request: 0.000942 seconds.
  path: Assets/Models/DAE format/wheelDark.dae
  artifactKey: Guid(e316acced92b05743bcf7cfb0be8749e) Importer(815301076,1909f56bfc062723c751e8b465ee728b)
Start importing Assets/Models/DAE format/wheelDark.dae using Guid(e316acced92b05743bcf7cfb0be8749e) Importer(815301076,1909f56bfc062723c751e8b465ee728b)  -> (artifact id: '89aba9afb73f5cf0c0e3d2d5c0b56d55') in 0.020692 seconds 
  Import took 0.025068 seconds .

========================================================================
Received Import Request.
  Time since last request: 0.000811 seconds.
  path: Assets/Models/DAE format/wheelTruck.dae
  artifactKey: Guid(ae2408d93e30cdb4b84a93b5fca2e7a7) Importer(815301076,1909f56bfc062723c751e8b465ee728b)
Start importing Assets/Models/DAE format/wheelTruck.dae using Guid(ae2408d93e30cdb4b84a93b5fca2e7a7) Importer(815301076,1909f56bfc062723c751e8b465ee728b)  -> (artifact id: 'c685e3312784f05999151d3a1c1b0098') in 0.021830 seconds 
  Import took 0.026763 seconds .

========================================================================
Received Import Request.
  Time since last request: 0.000812 seconds.
  path: Assets/Models/DAE format/wheelTractorFront.dae
  artifactKey: Guid(4357198a08ad1774c8d018dbddb29618) Importer(815301076,1909f56bfc062723c751e8b465ee728b)
Start importing Assets/Models/DAE format/wheelTractorFront.dae using Guid(4357198a08ad1774c8d018dbddb29618) Importer(815301076,1909f56bfc062723c751e8b465ee728b)  -> (artifact id: 'b1a202df539362fdabede30b008b8920') in 0.019460 seconds 
  Import took 0.023935 seconds .

========================================================================
Received Import Request.
  Time since last request: 0.000884 seconds.
  path: Assets/Models/DAE format/police.dae
  artifactKey: Guid(0af910fcae9d0b848b4250a9ad2153fe) Importer(815301076,1909f56bfc062723c751e8b465ee728b)
Start importing Assets/Models/DAE format/police.dae using Guid(0af910fcae9d0b848b4250a9ad2153fe) Importer(815301076,1909f56bfc062723c751e8b465ee728b)  -> (artifact id: '821236d5806f7244b5006a966402e435') in 0.061477 seconds 
  Import took 0.065834 seconds .

========================================================================
Received Import Request.
  Time since last request: 0.000965 seconds.
  path: Assets/Models/DAE format/firetruck.dae
  artifactKey: Guid(0ac2d0d2ad7e7c04ea107cea11585f42) Importer(815301076,1909f56bfc062723c751e8b465ee728b)
Start importing Assets/Models/DAE format/firetruck.dae using Guid(0ac2d0d2ad7e7c04ea107cea11585f42) Importer(815301076,1909f56bfc062723c751e8b465ee728b)  -> (artifact id: '4ab6497cee163c9d18fda0ff0903cf2c') in 0.061880 seconds 
  Import took 0.066116 seconds .

========================================================================
Received Import Request.
  Time since last request: 0.000994 seconds.
  path: Assets/Models/DAE format/delivery.dae
  artifactKey: Guid(cdbd247bd50b56a4dad38e689abc4703) Importer(815301076,1909f56bfc062723c751e8b465ee728b)
Start importing Assets/Models/DAE format/delivery.dae using Guid(cdbd247bd50b56a4dad38e689abc4703) Importer(815301076,1909f56bfc062723c751e8b465ee728b)  -> (artifact id: '87d747ee67e52a952767314f84c476ef') in 0.062126 seconds 
  Import took 0.066797 seconds .

========================================================================
Received Import Request.
  Time since last request: 0.000905 seconds.
  path: Assets/Models/DAE format/hatchbackSports.dae
  artifactKey: Guid(3afe357b28a0e4047ac5f5a59253bdcd) Importer(815301076,1909f56bfc062723c751e8b465ee728b)
Start importing Assets/Models/DAE format/hatchbackSports.dae using Guid(3afe357b28a0e4047ac5f5a59253bdcd) Importer(815301076,1909f56bfc062723c751e8b465ee728b)  -> (artifact id: '9318fc6a95f119a0f6c35f6b9abbdab9') in 0.054885 seconds 
  Import took 0.059484 seconds .

========================================================================
Received Import Request.
  Time since last request: 0.000868 seconds.
  path: Assets/Models/DAE format/taxi.dae
  artifactKey: Guid(ea7e4bccde7099e4b9eccae061497cb3) Importer(815301076,1909f56bfc062723c751e8b465ee728b)
Start importing Assets/Models/DAE format/taxi.dae using Guid(ea7e4bccde7099e4b9eccae061497cb3) Importer(815301076,1909f56bfc062723c751e8b465ee728b)  -> (artifact id: 'a1af24bb29a98fd5f2ece9a74948c02c') in 0.056105 seconds 
  Import took 0.060351 seconds .

========================================================================
Received Import Request.
  Time since last request: 0.000863 seconds.
  path: Assets/Models/DAE format/race.dae
  artifactKey: Guid(6a7bd8f59831e214ca5bb1d3c58e03cd) Importer(815301076,1909f56bfc062723c751e8b465ee728b)
Start importing Assets/Models/DAE format/race.dae using Guid(6a7bd8f59831e214ca5bb1d3c58e03cd) Importer(815301076,1909f56bfc062723c751e8b465ee728b)  -> (artifact id: '21200909d7223ccadb6432f34b0a9232') in 0.049333 seconds 
  Import took 0.053671 seconds .

========================================================================
Received Import Request.
  Time since last request: 0.000835 seconds.
  path: Assets/Models/DAE format/tractor.dae
  artifactKey: Guid(8785bb2d93ef9c7418c9916c2ddf0f6d) Importer(815301076,1909f56bfc062723c751e8b465ee728b)
Start importing Assets/Models/DAE format/tractor.dae using Guid(8785bb2d93ef9c7418c9916c2ddf0f6d) Importer(815301076,1909f56bfc062723c751e8b465ee728b)  -> (artifact id: 'f933d7b587cb49dd9e5d02b684a4b9eb') in 0.063394 seconds 
  Import took 0.067666 seconds .

========================================================================
Received Import Request.
  Time since last request: 18.127789 seconds.
  path: Assets/Models/STL format
  artifactKey: Guid(c72c2c8c8ebe4d4499c02dcbdf34d49d) Importer(815301076,1909f56bfc062723c751e8b465ee728b)
Start importing Assets/Models/STL format using Guid(c72c2c8c8ebe4d4499c02dcbdf34d49d) Importer(815301076,1909f56bfc062723c751e8b465ee728b)  -> (artifact id: 'b41ca44bd00efa86fe863be3738598e5') in 0.002201 seconds 
  Import took 0.007093 seconds .

========================================================================
Received Import Request.
  Time since last request: 5.640276 seconds.
  path: Assets/Models/OBJ format
  artifactKey: Guid(4d751532c477b7d40aa455a54fa03ad6) Importer(815301076,1909f56bfc062723c751e8b465ee728b)
Start importing Assets/Models/OBJ format using Guid(4d751532c477b7d40aa455a54fa03ad6) Importer(815301076,1909f56bfc062723c751e8b465ee728b)  -> (artifact id: '9e4ef47519768a68876154ea5f3c2463') in 0.002272 seconds 
  Import took 0.007117 seconds .

========================================================================
Received Prepare
Registering precompiled user dll's ...
Registered in 0.003665 seconds.
Begin MonoManager ReloadAssembly
Native extension for WindowsStandalone target not found
Native extension for WebGL target not found
Refreshing native plugins compatible for Editor in 0.51 ms, found 2 plugins.
Preloading 0 native plugins for Editor in 0.00 ms.
Mono: successfully reloaded assembly
- Completed reload, in  0.908 seconds
Domain Reload Profiling:
	ReloadAssembly (909ms)
		BeginReloadAssembly (111ms)
			ExecutionOrderSort (0ms)
			DisableScriptedObjects (3ms)
			BackupInstance (0ms)
			ReleaseScriptingObjects (0ms)
			CreateAndSetChildDomain (31ms)
		EndReloadAssembly (742ms)
			LoadAssemblies (86ms)
			RebuildTransferFunctionScriptingTraits (0ms)
			SetupTypeCache (273ms)
			ReleaseScriptCaches (1ms)
			RebuildScriptCaches (36ms)
			SetupLoadedEditorAssemblies (267ms)
				LogAssemblyErrors (0ms)
				InitializePlatformSupportModulesInManaged (5ms)
				SetLoadedEditorAssemblies (0ms)
				RefreshPlugins (1ms)
				BeforeProcessingInitializeOnLoad (83ms)
				ProcessInitializeOnLoadAttributes (165ms)
				ProcessInitializeOnLoadMethodAttributes (7ms)
				AfterProcessingInitializeOnLoad (7ms)
				EditorAssembliesLoaded (0ms)
			ExecutionOrderSort2 (0ms)
			AwakeInstancesAfterBackupRestoration (5ms)
Platform modules already initialized, skipping
Refreshing native plugins compatible for Editor in 0.55 ms, found 2 plugins.
Preloading 0 native plugins for Editor in 0.00 ms.
Unloading 3044 Unused Serialized files (Serialized files now loaded: 0)
System memory in use before: 133.4 MB.
System memory in use after: 133.6 MB.

Unloading 13 unused Assets to reduce memory usage. Loaded Objects now: 3611.
Total: 2.897600 ms (FindLiveObjects: 0.268000 ms CreateObjectMapping: 0.137900 ms MarkObjects: 2.443200 ms  DeleteObjects: 0.047500 ms)

AssetImportParameters requested are different than current active one (requested -> active):
  custom:framework-win-MediaFoundation: 216162199b28c13a410421893ffa2e32 -> 
  custom:video-decoder-ogg-theora: a1e56fd34408186e4bbccfd4996cb3dc -> 
  custom:container-muxer-webm: aa71ff27fc2769a1b78a27578f13a17b -> 
  custom:container-demuxer-webm: 4f35f7cbe854078d1ac9338744f61a02 -> 
  custom:container-demuxer-ogg: 62fdf1f143b41e24485cea50d1cbac27 -> 
  custom:video-encoder-webm-vp8: eb34c28f22e8b96e1ab97ce403110664 -> 
  custom:video-decoder-webm-vp8: 9c59270c3fd7afecdb556c50c9e8de78 -> 
  custom:audio-decoder-ogg-vorbis: bf7c407c2cedff20999df2af8eb42d56 -> 
  custom:audio-encoder-webm-vorbis: bf7c407c2cedff20999df2af8eb42d56 -> 
========================================================================
Received Prepare
Registering precompiled user dll's ...
Registered in 0.003498 seconds.
Begin MonoManager ReloadAssembly
Native extension for WindowsStandalone target not found
Native extension for WebGL target not found
Refreshing native plugins compatible for Editor in 0.52 ms, found 2 plugins.
Preloading 0 native plugins for Editor in 0.00 ms.
Mono: successfully reloaded assembly
- Completed reload, in  0.900 seconds
Domain Reload Profiling:
	ReloadAssembly (900ms)
		BeginReloadAssembly (101ms)
			ExecutionOrderSort (0ms)
			DisableScriptedObjects (4ms)
			BackupInstance (0ms)
			ReleaseScriptingObjects (0ms)
			CreateAndSetChildDomain (27ms)
		EndReloadAssembly (746ms)
			LoadAssemblies (82ms)
			RebuildTransferFunctionScriptingTraits (0ms)
			SetupTypeCache (261ms)
			ReleaseScriptCaches (1ms)
			RebuildScriptCaches (36ms)
			SetupLoadedEditorAssemblies (283ms)
				LogAssemblyErrors (0ms)
				InitializePlatformSupportModulesInManaged (5ms)
				SetLoadedEditorAssemblies (0ms)
				RefreshPlugins (1ms)
				BeforeProcessingInitializeOnLoad (87ms)
				ProcessInitializeOnLoadAttributes (175ms)
				ProcessInitializeOnLoadMethodAttributes (7ms)
				AfterProcessingInitializeOnLoad (7ms)
				EditorAssembliesLoaded (0ms)
			ExecutionOrderSort2 (0ms)
			AwakeInstancesAfterBackupRestoration (5ms)
Platform modules already initialized, skipping
Refreshing native plugins compatible for Editor in 0.50 ms, found 2 plugins.
Preloading 0 native plugins for Editor in 0.00 ms.
Unloading 3044 Unused Serialized files (Serialized files now loaded: 0)
System memory in use before: 133.5 MB.
System memory in use after: 133.7 MB.

Unloading 13 unused Assets to reduce memory usage. Loaded Objects now: 3613.
Total: 2.639500 ms (FindLiveObjects: 0.230300 ms CreateObjectMapping: 0.103100 ms MarkObjects: 2.260800 ms  DeleteObjects: 0.044700 ms)

AssetImportParameters requested are different than current active one (requested -> active):
  custom:framework-win-MediaFoundation: 216162199b28c13a410421893ffa2e32 -> 
  custom:video-decoder-ogg-theora: a1e56fd34408186e4bbccfd4996cb3dc -> 
  custom:container-muxer-webm: aa71ff27fc2769a1b78a27578f13a17b -> 
  custom:container-demuxer-webm: 4f35f7cbe854078d1ac9338744f61a02 -> 
  custom:container-demuxer-ogg: 62fdf1f143b41e24485cea50d1cbac27 -> 
  custom:video-encoder-webm-vp8: eb34c28f22e8b96e1ab97ce403110664 -> 
  custom:video-decoder-webm-vp8: 9c59270c3fd7afecdb556c50c9e8de78 -> 
  custom:audio-decoder-ogg-vorbis: bf7c407c2cedff20999df2af8eb42d56 -> 
  custom:audio-encoder-webm-vorbis: bf7c407c2cedff20999df2af8eb42d56 -> 
AssetImportWorkerClient::OnTransportError - code=2 error=End of file
