Using pre-set license
Built from '2020.3/staging' branch; Version is '2020.3.29f1 (2ff179115da0) revision 3142009'; Using compiler version '192528614'; Build Type 'Release'
OS: 'Windows 10  (10.0.19044) 64bit Core' Language: 'he' Physical Memory: 16215 MB
BatchMode: 1, IsHumanControllingUs: 0, StartBugReporterOnCrash: 0, Is64bit: 1, IsPro: 0

COMMAND LINE ARGUMENTS:
C:\Program Files\Unity\Hub\Editor\2020.3.29f1\Editor\Unity.exe
-adb2
-batchMode
-noUpm
-name
AssetImportWorker0
-projectPath
C:/Users/rocky_cfnyupd/OneDrive/שולחן העבודה/קורס GAME 2021-22/unity spam/DoodleJump
-logFile
Logs/AssetImportWorker0.log
-srvPort
61680
Successfully changed project path to: C:/Users/rocky_cfnyupd/OneDrive/שולחן העבודה/קורס GAME 2021-22/unity spam/DoodleJump
C:/Users/rocky_cfnyupd/OneDrive/שולחן העבודה/קורס GAME 2021-22/unity spam/DoodleJump
Using Asset Import Pipeline V2.
Refreshing native plugins compatible for Editor in 51.10 ms, found 2 plugins.
Preloading 0 native plugins for Editor in 0.00 ms.
Initialize engine version: 2020.3.29f1 (2ff179115da0)
[Subsystems] Discovering subsystems at path C:/Program Files/Unity/Hub/Editor/2020.3.29f1/Editor/Data/Resources/UnitySubsystems
[Subsystems] Discovering subsystems at path C:/Users/rocky_cfnyupd/OneDrive/שולחן העבודה/קורס GAME 2021-22/unity spam/DoodleJump/Assets
GfxDevice: creating device client; threaded=0
Direct3D:
    Version:  Direct3D 11.0 [level 11.1]
    Renderer: NVIDIA GeForce RTX 3060 Laptop GPU (ID=0x2520)
    Vendor:   
    VRAM:     6023 MB
    Driver:   30.0.15.1179
Initialize mono
Mono path[0] = 'C:/Program Files/Unity/Hub/Editor/2020.3.29f1/Editor/Data/Managed'
Mono path[1] = 'C:/Program Files/Unity/Hub/Editor/2020.3.29f1/Editor/Data/MonoBleedingEdge/lib/mono/unityjit'
Mono config path = 'C:/Program Files/Unity/Hub/Editor/2020.3.29f1/Editor/Data/MonoBleedingEdge/etc'
Using monoOptions --debugger-agent=transport=dt_socket,embedding=1,server=y,suspend=n,address=127.0.0.1:56928
Begin MonoManager ReloadAssembly
Registering precompiled unity dll's ...
Register platform support module: C:/Program Files/Unity/Hub/Editor/2020.3.29f1/Editor/Data/PlaybackEngines/WebGLSupport/UnityEditor.WebGL.Extensions.dll
Register platform support module: C:/Program Files/Unity/Hub/Editor/2020.3.29f1/Editor/Data/PlaybackEngines/WindowsStandaloneSupport/UnityEditor.WindowsStandalone.Extensions.dll
Registered in 0.003146 seconds.
Native extension for WindowsStandalone target not found
Native extension for WebGL target not found
Refreshing native plugins compatible for Editor in 59.39 ms, found 2 plugins.
Preloading 0 native plugins for Editor in 0.00 ms.
Mono: successfully reloaded assembly
- Completed reload, in  0.683 seconds
Domain Reload Profiling:
	ReloadAssembly (683ms)
		BeginReloadAssembly (76ms)
			ExecutionOrderSort (0ms)
			DisableScriptedObjects (0ms)
			BackupInstance (0ms)
			ReleaseScriptingObjects (0ms)
			CreateAndSetChildDomain (1ms)
		EndReloadAssembly (519ms)
			LoadAssemblies (73ms)
			RebuildTransferFunctionScriptingTraits (0ms)
			SetupTypeCache (170ms)
			ReleaseScriptCaches (0ms)
			RebuildScriptCaches (33ms)
			SetupLoadedEditorAssemblies (204ms)
				LogAssemblyErrors (0ms)
				InitializePlatformSupportModulesInManaged (6ms)
				SetLoadedEditorAssemblies (0ms)
				RefreshPlugins (59ms)
				BeforeProcessingInitializeOnLoad (18ms)
				ProcessInitializeOnLoadAttributes (92ms)
				ProcessInitializeOnLoadMethodAttributes (28ms)
				AfterProcessingInitializeOnLoad (0ms)
				EditorAssembliesLoaded (0ms)
			ExecutionOrderSort2 (0ms)
			AwakeInstancesAfterBackupRestoration (0ms)
Platform modules already initialized, skipping
Registering precompiled user dll's ...
Registered in 0.004952 seconds.
Begin MonoManager ReloadAssembly
Native extension for WindowsStandalone target not found
Native extension for WebGL target not found
Refreshing native plugins compatible for Editor in 67.81 ms, found 2 plugins.
Preloading 0 native plugins for Editor in 0.00 ms.
Mono: successfully reloaded assembly
- Completed reload, in  1.463 seconds
Domain Reload Profiling:
	ReloadAssembly (1464ms)
		BeginReloadAssembly (178ms)
			ExecutionOrderSort (0ms)
			DisableScriptedObjects (5ms)
			BackupInstance (0ms)
			ReleaseScriptingObjects (0ms)
			CreateAndSetChildDomain (20ms)
		EndReloadAssembly (1201ms)
			LoadAssemblies (129ms)
			RebuildTransferFunctionScriptingTraits (0ms)
			SetupTypeCache (451ms)
			ReleaseScriptCaches (1ms)
			RebuildScriptCaches (69ms)
			SetupLoadedEditorAssemblies (412ms)
				LogAssemblyErrors (0ms)
				InitializePlatformSupportModulesInManaged (5ms)
				SetLoadedEditorAssemblies (0ms)
				RefreshPlugins (68ms)
				BeforeProcessingInitializeOnLoad (100ms)
				ProcessInitializeOnLoadAttributes (223ms)
				ProcessInitializeOnLoadMethodAttributes (9ms)
				AfterProcessingInitializeOnLoad (8ms)
				EditorAssembliesLoaded (0ms)
			ExecutionOrderSort2 (0ms)
			AwakeInstancesAfterBackupRestoration (7ms)
Platform modules already initialized, skipping
========================================================================
Worker process is ready to serve import requests
Launched and connected shader compiler UnityShaderCompiler.exe after 0.09 seconds
Refreshing native plugins compatible for Editor in 0.55 ms, found 2 plugins.
Preloading 0 native plugins for Editor in 0.00 ms.
Unloading 2821 Unused Serialized files (Serialized files now loaded: 0)
System memory in use before: 127.8 MB.
System memory in use after: 128.0 MB.

Unloading 17 unused Assets to reduce memory usage. Loaded Objects now: 3258.
Total: 3.611700 ms (FindLiveObjects: 0.224300 ms CreateObjectMapping: 0.129800 ms MarkObjects: 3.136700 ms  DeleteObjects: 0.120100 ms)

AssetImportParameters requested are different than current active one (requested -> active):
  custom:framework-win-MediaFoundation: 216162199b28c13a410421893ffa2e32 -> 
  custom:video-decoder-ogg-theora: a1e56fd34408186e4bbccfd4996cb3dc -> 
  custom:container-muxer-webm: aa71ff27fc2769a1b78a27578f13a17b -> 
  custom:container-demuxer-webm: 4f35f7cbe854078d1ac9338744f61a02 -> 
  custom:container-demuxer-ogg: 62fdf1f143b41e24485cea50d1cbac27 -> 
  custom:video-encoder-webm-vp8: eb34c28f22e8b96e1ab97ce403110664 -> 
  custom:video-decoder-webm-vp8: 9c59270c3fd7afecdb556c50c9e8de78 -> 
  custom:audio-decoder-ogg-vorbis: bf7c407c2cedff20999df2af8eb42d56 -> 
  custom:audio-encoder-webm-vorbis: bf7c407c2cedff20999df2af8eb42d56 -> 
========================================================================
Received Import Request.
  path: Assets/Scripts/DestroyerScripts.cs
  artifactKey: Guid(b528e985acd2c30449af8193cf23c8d6) Importer(815301076,1909f56bfc062723c751e8b465ee728b)
Start importing Assets/Scripts/DestroyerScripts.cs using Guid(b528e985acd2c30449af8193cf23c8d6) Importer(815301076,1909f56bfc062723c751e8b465ee728b)  -> (artifact id: '53caf6abb14b34c757d5842fd3dd4931') in 0.065985 seconds 
  Import took 0.070889 seconds .

========================================================================
Received Import Request.
  Time since last request: 875.581459 seconds.
  path: Assets/Scripts/GameManager.cs
  artifactKey: Guid(83dc464f17932404495baf75cc0cad80) Importer(815301076,1909f56bfc062723c751e8b465ee728b)
Start importing Assets/Scripts/GameManager.cs using Guid(83dc464f17932404495baf75cc0cad80) Importer(815301076,1909f56bfc062723c751e8b465ee728b)  -> (artifact id: '2b8afbb9581a5b71c6416f61a267bbee') in 0.011474 seconds 
  Import took 0.017343 seconds .

========================================================================
Received Import Request.
  Time since last request: 0.598724 seconds.
  path: Assets/Scripts/GameplayStats.cs
  artifactKey: Guid(3e3d84b6fedc39d4c8bb724989b0e6f4) Importer(815301076,1909f56bfc062723c751e8b465ee728b)
Start importing Assets/Scripts/GameplayStats.cs using Guid(3e3d84b6fedc39d4c8bb724989b0e6f4) Importer(815301076,1909f56bfc062723c751e8b465ee728b)  -> (artifact id: '0db67b7140ace885b187c0b9d5cbae78') in 0.007733 seconds 
  Import took 0.013656 seconds .

========================================================================
Received Import Request.
  Time since last request: 3.363093 seconds.
  path: Assets/Scripts/PlatformScript.cs
  artifactKey: Guid(62e3251ae60a8b4498c0aaea84ea1a98) Importer(815301076,1909f56bfc062723c751e8b465ee728b)
Start importing Assets/Scripts/PlatformScript.cs using Guid(62e3251ae60a8b4498c0aaea84ea1a98) Importer(815301076,1909f56bfc062723c751e8b465ee728b)  -> (artifact id: '38f70791898f0d822738a530f50d1c26') in 0.008942 seconds 
  Import took 0.014972 seconds .

========================================================================
Received Import Request.
  Time since last request: 10.472451 seconds.
  path: Assets/Scripts/EnemyScript1.cs
  artifactKey: Guid(2a83eae0e97abd242be7ce1cb62b1b76) Importer(815301076,1909f56bfc062723c751e8b465ee728b)
Start importing Assets/Scripts/EnemyScript1.cs using Guid(2a83eae0e97abd242be7ce1cb62b1b76) Importer(815301076,1909f56bfc062723c751e8b465ee728b)  -> (artifact id: '2988c010ec147cff91a85de4fca3cb7a') in 0.007760 seconds 
  Import took 0.024590 seconds .

========================================================================
Received Import Request.
  Time since last request: 193.657391 seconds.
  path: Assets/Prefabs/BreakingPlatform.prefab
  artifactKey: Guid(a1b378b859d3f2446ab0fc6290515069) Importer(815301076,1909f56bfc062723c751e8b465ee728b)
Start importing Assets/Prefabs/BreakingPlatform.prefab using Guid(a1b378b859d3f2446ab0fc6290515069) Importer(815301076,1909f56bfc062723c751e8b465ee728b)  -> (artifact id: '5007a89e4ff727021922d557318cde15') in 0.349313 seconds 
  Import took 0.355408 seconds .

========================================================================
Received Import Request.
  Time since last request: 42.586895 seconds.
  path: Assets/Prefabs/BreakingPlatform.prefab
  artifactKey: Guid(a1b378b859d3f2446ab0fc6290515069) Importer(815301076,1909f56bfc062723c751e8b465ee728b)
Start importing Assets/Prefabs/BreakingPlatform.prefab using Guid(a1b378b859d3f2446ab0fc6290515069) Importer(815301076,1909f56bfc062723c751e8b465ee728b)  -> (artifact id: 'b06f5dae081777901463023524ce1eeb') in 0.021674 seconds 
  Import took 0.030527 seconds .

AssetImportWorkerClient::OnTransportError - code=2 error=End of file
